[02:51:31.780] [T1] [DS=False] DEBUG | Log Started
[02:51:31.814] [T1] [DS=False] DEBUG | BeforeStart() - Checking Group Settings:
-> GroupName = UniqueNameHere
->-> Setting has 1 definitions:
->->-> Definition = (null)/(null)
->->-> Definition was null

BeforeStart() - Checking Config for saved settings
-> Setting = MyObjectBuilder_MyProgrammableBlock/SmallProgrammableBlock
->-> Setting added successfully
-> Setting = MyObjectBuilder_Projector/LargeProjector
->-> Setting added successfully
-> Setting = MyObjectBuilder_Projector/SmallProjector
->-> Setting added successfully
-> Setting = MyObjectBuilder_SensorBlock/SmallBlockSensor
->-> Setting added successfully
-> Setting = MyObjectBuilder_SensorBlock/LargeBlockSensor
->-> Setting added successfully
-> Setting = MyObjectBuilder_TargetDummyBlock/TargetDummy
->-> Setting added successfully
-> Setting = MyObjectBuilder_SoundBlock/SmallBlockSoundBlock
->-> Setting added successfully
-> Setting = MyObjectBuilder_SoundBlock/LargeBlockSoundBlock
->-> Setting added successfully
-> Setting = MyObjectBuilder_ButtonPanel/ButtonPanelLarge
->-> Setting added successfully
-> Setting = MyObjectBuilder_ButtonPanel/ButtonPanelSmall
->-> Setting added successfully
-> Setting = MyObjectBuilder_TimerBlock/TimerBlockLarge
->-> Setting added successfully
-> Setting = MyObjectBuilder_TimerBlock/TimerBlockSmall
->-> Setting added successfully
-> Setting = MyObjectBuilder_MyProgrammableBlock/LargeProgrammableBlock
->-> Setting added successfully
-> Setting = MyObjectBuilder_TurretControlBlock/LargeTurretControlBlock
->-> Setting added successfully
-> Setting = MyObjectBuilder_TurretControlBlock/SmallTurretControlBlock
->-> Setting added successfully
-> Setting = MyObjectBuilder_EventControllerBlock/EventControllerLarge
->-> Setting added successfully
-> Setting = MyObjectBuilder_EventControllerBlock/EventControllerSmall
->-> Setting added successfully
-> Setting = MyObjectBuilder_PathRecorderBlock/LargePathRecorderBlock
->-> Setting added successfully
-> Setting = MyObjectBuilder_PathRecorderBlock/SmallPathRecorderBlock
->-> Setting added successfully
-> Setting = MyObjectBuilder_BasicMissionBlock/LargeBasicMission
->-> Setting added successfully
-> Setting = MyObjectBuilder_BasicMissionBlock/SmallBasicMission
->-> Setting added successfully
-> Setting = MyObjectBuilder_FlightMovementBlock/LargeFlightMovement
->-> Setting added successfully
-> Setting = MyObjectBuilder_FlightMovementBlock/SmallFlightMovement
->-> Setting added successfully
-> Setting = MyObjectBuilder_DefensiveCombatBlock/LargeDefensiveCombat
->-> Setting added successfully
-> Setting = MyObjectBuilder_DefensiveCombatBlock/SmallDefensiveCombat
->-> Setting added successfully
-> Setting = MyObjectBuilder_OffensiveCombatBlock/LargeOffensiveCombat
->-> Setting added successfully
-> Setting = MyObjectBuilder_OffensiveCombatBlock/SmallOffensiveCombat
->-> Setting added successfully
-> Setting = MyObjectBuilder_RadioAntenna/LargeBlockRadioAntenna
->-> Setting added successfully
-> Setting = MyObjectBuilder_Beacon/LargeBlockBeacon
->-> Setting added successfully
-> Setting = MyObjectBuilder_Beacon/SmallBlockBeacon
->-> Setting added successfully
-> Setting = MyObjectBuilder_RadioAntenna/SmallBlockRadioAntenna
->-> Setting added successfully
-> Setting = MyObjectBuilder_RemoteControl/LargeBlockRemoteControl
->-> Setting added successfully
-> Setting = MyObjectBuilder_RemoteControl/SmallBlockRemoteControl
->-> Setting added successfully
-> Setting = MyObjectBuilder_LaserAntenna/LargeBlockLaserAntenna
->-> Setting added successfully
-> Setting = MyObjectBuilder_LaserAntenna/SmallBlockLaserAntenna
->-> Setting added successfully
-> Setting = MyObjectBuilder_TerminalBlock/ControlPanel
->-> Setting added successfully
-> Setting = MyObjectBuilder_TerminalBlock/SmallControlPanel
->-> Setting added successfully
-> Setting = MyObjectBuilder_Cockpit/LargeBlockCockpit
->-> Setting added successfully
-> Setting = MyObjectBuilder_Cockpit/LargeBlockCockpitSeat
->-> Setting added successfully
-> Setting = MyObjectBuilder_Cockpit/SmallBlockCockpit
->-> Setting added successfully
-> Setting = MyObjectBuilder_Cockpit/DBSmallBlockFighterCockpit
->-> Setting added successfully
-> Setting = MyObjectBuilder_Cockpit/CockpitOpen
->-> Setting added successfully
-> Setting = MyObjectBuilder_Cockpit/RoverCockpit
->-> Setting added successfully
-> Setting = MyObjectBuilder_Gyro/LargeBlockGyro
->-> Setting added successfully
-> Setting = MyObjectBuilder_Gyro/SmallBlockGyro
->-> Setting added successfully
-> Setting = MyObjectBuilder_Cockpit/OpenCockpitSmall
->-> Setting added successfully
-> Setting = MyObjectBuilder_Cockpit/OpenCockpitLarge
->-> Setting added successfully
-> Setting = MyObjectBuilder_Cockpit/LargeBlockDesk
->-> Setting added successfully
-> Setting = MyObjectBuilder_Cockpit/LargeBlockDeskCorner
->-> Setting added successfully
-> Setting = MyObjectBuilder_Cockpit/LargeBlockDeskCornerInv
->-> Setting added successfully
-> Setting = MyObjectBuilder_CryoChamber/LargeBlockBed
->-> Setting added successfully
-> Setting = MyObjectBuilder_CargoContainer/LargeBlockLockerRoom
->-> Setting added successfully
-> Setting = MyObjectBuilder_CargoContainer/LargeBlockLockerRoomCorner
->-> Setting added successfully
-> Setting = MyObjectBuilder_Cockpit/LargeBlockCouch
->-> Setting added successfully
-> Setting = MyObjectBuilder_Cockpit/LargeBlockCouchCorner
->-> Setting added successfully
-> Setting = MyObjectBuilder_CargoContainer/LargeBlockLockers
->-> Setting added successfully
-> Setting = MyObjectBuilder_Cockpit/LargeBlockBathroomOpen
->-> Setting added successfully
-> Setting = MyObjectBuilder_Cockpit/LargeBlockBathroom
->-> Setting added successfully
-> Setting = MyObjectBuilder_Cockpit/LargeBlockToilet
->-> Setting added successfully
-> Setting = MyObjectBuilder_Projector/LargeBlockConsole
->-> Setting added successfully
-> Setting = MyObjectBuilder_Cockpit/SmallBlockCockpitIndustrial
->-> Setting added successfully
-> Setting = MyObjectBuilder_Cockpit/LargeBlockCockpitIndustrial
->-> Setting added successfully
-> Setting = MyObjectBuilder_VendingMachine/FoodDispenser
->-> Setting added successfully
-> Setting = MyObjectBuilder_Jukebox/Jukebox
->-> Setting added successfully
-> Setting = MyObjectBuilder_TextPanel/TransparentLCDLarge
->-> Setting added successfully
-> Setting = MyObjectBuilder_TextPanel/TransparentLCDSmall
->-> Setting added successfully
-> Setting = MyObjectBuilder_ReflectorLight/RotatingLightLarge
->-> Setting added successfully
-> Setting = MyObjectBuilder_ReflectorLight/RotatingLightSmall
->-> Setting added successfully
-> Setting = MyObjectBuilder_Door/(null)
->-> Setting added successfully
-> Setting = MyObjectBuilder_Door/SmallDoor
->-> Setting added successfully
-> Setting = MyObjectBuilder_AirtightHangarDoor/(null)
->-> Setting added successfully
-> Setting = MyObjectBuilder_AirtightSlideDoor/LargeBlockSlideDoor
->-> Setting added successfully
-> Setting = MyObjectBuilder_StoreBlock/StoreBlock
->-> Setting added successfully
-> Setting = MyObjectBuilder_SafeZoneBlock/SafeZoneBlock
->-> Setting added successfully
-> Setting = MyObjectBuilder_ContractBlock/ContractBlock
->-> Setting added successfully
-> Setting = MyObjectBuilder_VendingMachine/VendingMachine
->-> Setting added successfully
-> Setting = MyObjectBuilder_StoreBlock/AtmBlock
->-> Setting added successfully
-> Setting = MyObjectBuilder_BatteryBlock/LargeBlockBatteryBlock
->-> Setting added successfully
-> Setting = MyObjectBuilder_BatteryBlock/SmallBlockBatteryBlock
->-> Setting added successfully
-> Setting = MyObjectBuilder_BatteryBlock/SmallBlockSmallBatteryBlock
->-> Setting added successfully
-> Setting = MyObjectBuilder_Reactor/SmallBlockSmallGenerator
->-> Setting added successfully
-> Setting = MyObjectBuilder_Reactor/SmallBlockLargeGenerator
->-> Setting added successfully
-> Setting = MyObjectBuilder_Reactor/LargeBlockSmallGenerator
->-> Setting added successfully
-> Setting = MyObjectBuilder_Reactor/LargeBlockLargeGenerator
->-> Setting added successfully
-> Setting = MyObjectBuilder_HydrogenEngine/LargeHydrogenEngine
->-> Setting added successfully
-> Setting = MyObjectBuilder_HydrogenEngine/SmallHydrogenEngine
->-> Setting added successfully
-> Setting = MyObjectBuilder_WindTurbine/LargeBlockWindTurbine
->-> Setting added successfully
-> Setting = MyObjectBuilder_SolarPanel/LargeBlockSolarPanel
->-> Setting added successfully
-> Setting = MyObjectBuilder_SolarPanel/SmallBlockSolarPanel
->-> Setting added successfully
-> Setting = MyObjectBuilder_RadioAntenna/LargeBlockRadioAntennaDish
->-> Setting added successfully
-> Setting = MyObjectBuilder_Door/LargeBlockGate
->-> Setting added successfully
-> Setting = MyObjectBuilder_Door/LargeBlockOffsetDoor
->-> Setting added successfully
-> Setting = MyObjectBuilder_GravityGenerator/(null)
->-> Setting added successfully
-> Setting = MyObjectBuilder_GravityGeneratorSphere/(null)
->-> Setting added successfully
-> Setting = MyObjectBuilder_VirtualMass/VirtualMassLarge
->-> Setting added successfully
-> Setting = MyObjectBuilder_VirtualMass/VirtualMassSmall
->-> Setting added successfully
-> Setting = MyObjectBuilder_SpaceBall/SpaceBallLarge
->-> Setting added successfully
-> Setting = MyObjectBuilder_SpaceBall/SpaceBallSmall
->-> Setting added successfully
-> Setting = MyObjectBuilder_InteriorLight/LargeBlockInsetLight
->-> Setting added successfully
-> Setting = MyObjectBuilder_InteriorLight/SmallBlockInsetLight
->-> Setting added successfully
-> Setting = MyObjectBuilder_TerminalBlock/LargeBlockAccessPanel1
->-> Setting added successfully
-> Setting = MyObjectBuilder_TerminalBlock/LargeBlockAccessPanel2
->-> Setting added successfully
-> Setting = MyObjectBuilder_ButtonPanel/LargeBlockAccessPanel3
->-> Setting added successfully
-> Setting = MyObjectBuilder_TerminalBlock/LargeBlockAccessPanel4
->-> Setting added successfully
-> Setting = MyObjectBuilder_TerminalBlock/SmallBlockAccessPanel1
->-> Setting added successfully
-> Setting = MyObjectBuilder_TerminalBlock/SmallBlockAccessPanel2
->-> Setting added successfully
-> Setting = MyObjectBuilder_TerminalBlock/SmallBlockAccessPanel3
->-> Setting added successfully
-> Setting = MyObjectBuilder_TerminalBlock/SmallBlockAccessPanel4
->-> Setting added successfully
-> Setting = MyObjectBuilder_AirVent/AirVentFan
->-> Setting added successfully
-> Setting = MyObjectBuilder_AirVent/AirVentFanFull
->-> Setting added successfully
-> Setting = MyObjectBuilder_AirVent/SmallAirVentFan
->-> Setting added successfully
-> Setting = MyObjectBuilder_AirVent/SmallAirVentFanFull
->-> Setting added successfully
-> Setting = MyObjectBuilder_CameraBlock/LargeCameraTopMounted
->-> Setting added successfully
-> Setting = MyObjectBuilder_CameraBlock/SmallCameraTopMounted
->-> Setting added successfully
-> Setting = MyObjectBuilder_SensorBlock/SmallBlockSensorReskin
->-> Setting added successfully
-> Setting = MyObjectBuilder_SensorBlock/LargeBlockSensorReskin
->-> Setting added successfully
-> Setting = MyObjectBuilder_MyProgrammableBlock/LargeProgrammableBlockReskin
->-> Setting added successfully
-> Setting = MyObjectBuilder_MyProgrammableBlock/SmallProgrammableBlockReskin
->-> Setting added successfully
-> Setting = MyObjectBuilder_TimerBlock/TimerBlockReskinLarge
->-> Setting added successfully
-> Setting = MyObjectBuilder_TimerBlock/TimerBlockReskinSmall
->-> Setting added successfully
-> Setting = MyObjectBuilder_Cockpit/SpeederCockpit
->-> Setting added successfully
-> Setting = MyObjectBuilder_Cockpit/SpeederCockpitCompact
->-> Setting added successfully
-> Setting = MyObjectBuilder_EmotionControllerBlock/EmotionControllerLarge
->-> Setting added successfully
-> Setting = MyObjectBuilder_EmotionControllerBlock/EmotionControllerSmall
->-> Setting added successfully
-> Setting = MyObjectBuilder_LandingGear/LargeBlockMagneticPlate
->-> Setting added successfully
-> Setting = MyObjectBuilder_LandingGear/SmallBlockMagneticPlate
->-> Setting added successfully
-> Setting = MyObjectBuilder_CargoContainer/LargeBlockLargeIndustrialContainer
->-> Setting added successfully
-> Setting = MyObjectBuilder_ButtonPanel/VerticalButtonPanelLarge
->-> Setting added successfully
-> Setting = MyObjectBuilder_ButtonPanel/VerticalButtonPanelSmall
->-> Setting added successfully
-> Setting = MyObjectBuilder_OxygenTank/LargeHydrogenTankIndustrial
->-> Setting added successfully
-> Setting = MyObjectBuilder_Assembler/LargeAssemblerIndustrial
->-> Setting added successfully
-> Setting = MyObjectBuilder_Refinery/LargeRefineryIndustrial
->-> Setting added successfully
-> Setting = MyObjectBuilder_ConveyorSorter/LargeBlockConveyorSorterIndustrial
->-> Setting added successfully
-> Setting = MyObjectBuilder_Thrust/LargeBlockLargeHydrogenThrustIndustrial
->-> Setting added successfully
-> Setting = MyObjectBuilder_Thrust/LargeBlockSmallHydrogenThrustIndustrial
->-> Setting added successfully
-> Setting = MyObjectBuilder_Thrust/SmallBlockLargeHydrogenThrustIndustrial
->-> Setting added successfully
-> Setting = MyObjectBuilder_Thrust/SmallBlockSmallHydrogenThrustIndustrial
->-> Setting added successfully
-> Setting = MyObjectBuilder_Cockpit/PassengerSeatLarge
->-> Setting added successfully
-> Setting = MyObjectBuilder_Cockpit/PassengerSeatSmall
->-> Setting added successfully
-> Setting = MyObjectBuilder_Cockpit/PassengerSeatSmallNew
->-> Setting added successfully
-> Setting = MyObjectBuilder_Cockpit/PassengerSeatSmallOffset
->-> Setting added successfully
-> Setting = MyObjectBuilder_InteriorLight/AirDuctLight
->-> Setting added successfully
-> Setting = MyObjectBuilder_TextPanel/SmallTextPanel
->-> Setting added successfully
-> Setting = MyObjectBuilder_TextPanel/SmallLCDPanelWide
->-> Setting added successfully
-> Setting = MyObjectBuilder_TextPanel/SmallLCDPanel
->-> Setting added successfully
-> Setting = MyObjectBuilder_TextPanel/LargeBlockCorner_LCD_1
->-> Setting added successfully
-> Setting = MyObjectBuilder_TextPanel/LargeBlockCorner_LCD_2
->-> Setting added successfully
-> Setting = MyObjectBuilder_TextPanel/LargeBlockCorner_LCD_Flat_1
->-> Setting added successfully
-> Setting = MyObjectBuilder_TextPanel/LargeBlockCorner_LCD_Flat_2
->-> Setting added successfully
-> Setting = MyObjectBuilder_TextPanel/SmallBlockCorner_LCD_1
->-> Setting added successfully
-> Setting = MyObjectBuilder_TextPanel/SmallBlockCorner_LCD_2
->-> Setting added successfully
-> Setting = MyObjectBuilder_TextPanel/SmallBlockCorner_LCD_Flat_1
->-> Setting added successfully
-> Setting = MyObjectBuilder_TextPanel/SmallBlockCorner_LCD_Flat_2
->-> Setting added successfully
-> Setting = MyObjectBuilder_TextPanel/LargeTextPanel
->-> Setting added successfully
-> Setting = MyObjectBuilder_TextPanel/LargeLCDPanel
->-> Setting added successfully
-> Setting = MyObjectBuilder_TextPanel/LargeLCDPanelWide
->-> Setting added successfully
-> Setting = MyObjectBuilder_ReflectorLight/LargeBlockFrontLight
->-> Setting added successfully
-> Setting = MyObjectBuilder_ReflectorLight/SmallBlockFrontLight
->-> Setting added successfully
-> Setting = MyObjectBuilder_InteriorLight/SmallLight
->-> Setting added successfully
-> Setting = MyObjectBuilder_InteriorLight/SmallBlockSmallLight
->-> Setting added successfully
-> Setting = MyObjectBuilder_InteriorLight/LargeBlockLight_1corner
->-> Setting added successfully
-> Setting = MyObjectBuilder_InteriorLight/LargeBlockLight_2corner
->-> Setting added successfully
-> Setting = MyObjectBuilder_InteriorLight/SmallBlockLight_1corner
->-> Setting added successfully
-> Setting = MyObjectBuilder_InteriorLight/SmallBlockLight_2corner
->-> Setting added successfully
-> Setting = MyObjectBuilder_OxygenTank/OxygenTankSmall
->-> Setting added successfully
-> Setting = MyObjectBuilder_OxygenTank/(null)
->-> Setting added successfully
-> Setting = MyObjectBuilder_OxygenTank/LargeHydrogenTank
->-> Setting added successfully
-> Setting = MyObjectBuilder_OxygenTank/LargeHydrogenTankSmall
->-> Setting added successfully
-> Setting = MyObjectBuilder_OxygenTank/SmallHydrogenTank
->-> Setting added successfully
-> Setting = MyObjectBuilder_OxygenTank/SmallHydrogenTankSmall
->-> Setting added successfully
-> Setting = MyObjectBuilder_AirVent/(null)
->-> Setting added successfully
-> Setting = MyObjectBuilder_AirVent/AirVentFull
->-> Setting added successfully
-> Setting = MyObjectBuilder_AirVent/SmallAirVent
->-> Setting added successfully
-> Setting = MyObjectBuilder_AirVent/SmallAirVentFull
->-> Setting added successfully
-> Setting = MyObjectBuilder_CargoContainer/SmallBlockSmallContainer
->-> Setting added successfully
-> Setting = MyObjectBuilder_CargoContainer/SmallBlockMediumContainer
->-> Setting added successfully
-> Setting = MyObjectBuilder_CargoContainer/SmallBlockLargeContainer
->-> Setting added successfully
-> Setting = MyObjectBuilder_CargoContainer/LargeBlockSmallContainer
->-> Setting added successfully
-> Setting = MyObjectBuilder_CargoContainer/LargeBlockLargeContainer
->-> Setting added successfully
-> Setting = MyObjectBuilder_Collector/Collector
->-> Setting added successfully
-> Setting = MyObjectBuilder_Collector/CollectorSmall
->-> Setting added successfully
-> Setting = MyObjectBuilder_ShipConnector/Connector
->-> Setting added successfully
-> Setting = MyObjectBuilder_ShipConnector/ConnectorSmall
->-> Setting added successfully
-> Setting = MyObjectBuilder_ShipConnector/ConnectorMedium
->-> Setting added successfully
-> Setting = MyObjectBuilder_ConveyorSorter/LargeBlockConveyorSorter
->-> Setting added successfully
-> Setting = MyObjectBuilder_ConveyorSorter/MediumBlockConveyorSorter
->-> Setting added successfully
-> Setting = MyObjectBuilder_ConveyorSorter/SmallBlockConveyorSorter
->-> Setting added successfully
-> Setting = MyObjectBuilder_PistonBase/LargePistonBase
->-> Setting added successfully
-> Setting = MyObjectBuilder_ExtendedPistonBase/LargePistonBase
->-> Setting added successfully
-> Setting = MyObjectBuilder_PistonBase/SmallPistonBase
->-> Setting added successfully
-> Setting = MyObjectBuilder_ExtendedPistonBase/SmallPistonBase
->-> Setting added successfully
-> Setting = MyObjectBuilder_MotorStator/LargeStator
->-> Setting added successfully
-> Setting = MyObjectBuilder_MotorStator/SmallStator
->-> Setting added successfully
-> Setting = MyObjectBuilder_MotorAdvancedStator/LargeAdvancedStator
->-> Setting added successfully
-> Setting = MyObjectBuilder_MotorAdvancedStator/SmallAdvancedStator
->-> Setting added successfully
-> Setting = MyObjectBuilder_MotorAdvancedStator/SmallAdvancedStatorSmall
->-> Setting added successfully
-> Setting = MyObjectBuilder_MotorAdvancedStator/LargeHinge
->-> Setting added successfully
-> Setting = MyObjectBuilder_MotorAdvancedStator/MediumHinge
->-> Setting added successfully
-> Setting = MyObjectBuilder_MotorAdvancedStator/SmallHinge
->-> Setting added successfully
-> Setting = MyObjectBuilder_MedicalRoom/LargeMedicalRoom
->-> Setting added successfully
-> Setting = MyObjectBuilder_CryoChamber/LargeBlockCryoChamber
->-> Setting added successfully
-> Setting = MyObjectBuilder_CryoChamber/SmallBlockCryoChamber
->-> Setting added successfully
-> Setting = MyObjectBuilder_Refinery/LargeRefinery
->-> Setting added successfully
-> Setting = MyObjectBuilder_Refinery/Blast Furnace
->-> Setting added successfully
-> Setting = MyObjectBuilder_OxygenGenerator/(null)
->-> Setting added successfully
-> Setting = MyObjectBuilder_OxygenGenerator/OxygenGeneratorSmall
->-> Setting added successfully
-> Setting = MyObjectBuilder_Assembler/LargeAssembler
->-> Setting added successfully
-> Setting = MyObjectBuilder_Assembler/BasicAssembler
->-> Definition cannot be restricted
->-> Setting added successfully
-> Setting = MyObjectBuilder_SurvivalKit/SurvivalKitLarge
->-> Setting added successfully
-> Setting = MyObjectBuilder_SurvivalKit/SurvivalKit
->-> Setting added successfully
-> Setting = MyObjectBuilder_OxygenFarm/LargeBlockOxygenFarm
->-> Setting added successfully
-> Setting = MyObjectBuilder_UpgradeModule/LargeProductivityModule
->-> Setting added successfully
-> Setting = MyObjectBuilder_UpgradeModule/LargeEffectivenessModule
->-> Setting added successfully
-> Setting = MyObjectBuilder_UpgradeModule/LargeEnergyModule
->-> Setting added successfully
-> Setting = MyObjectBuilder_ExhaustBlock/SmallExhaustPipe
->-> Setting added successfully
-> Setting = MyObjectBuilder_ExhaustBlock/LargeExhaustPipe
->-> Setting added successfully
-> Setting = MyObjectBuilder_Cockpit/BuggyCockpit
->-> Setting added successfully
-> Setting = MyObjectBuilder_MotorSuspension/OffroadSuspension3x3
->-> Setting added successfully
-> Setting = MyObjectBuilder_MotorSuspension/OffroadSuspension5x5
->-> Setting added successfully
-> Setting = MyObjectBuilder_MotorSuspension/OffroadSuspension1x1
->-> Setting added successfully
-> Setting = MyObjectBuilder_MotorSuspension/OffroadSuspension2x2
->-> Setting added successfully
-> Setting = MyObjectBuilder_MotorSuspension/OffroadSmallSuspension3x3
->-> Setting added successfully
-> Setting = MyObjectBuilder_MotorSuspension/OffroadSmallSuspension5x5
->-> Setting added successfully
-> Setting = MyObjectBuilder_MotorSuspension/OffroadSmallSuspension1x1
->-> Setting added successfully
-> Setting = MyObjectBuilder_MotorSuspension/OffroadSmallSuspension2x2
->-> Setting added successfully
-> Setting = MyObjectBuilder_MotorSuspension/OffroadSuspension3x3mirrored
->-> Setting added successfully
-> Setting = MyObjectBuilder_MotorSuspension/OffroadSuspension5x5mirrored
->-> Setting added successfully
-> Setting = MyObjectBuilder_MotorSuspension/OffroadSuspension1x1mirrored
->-> Setting added successfully
-> Setting = MyObjectBuilder_MotorSuspension/OffroadSuspension2x2Mirrored
->-> Setting added successfully
-> Setting = MyObjectBuilder_MotorSuspension/OffroadSmallSuspension3x3mirrored
->-> Setting added successfully
-> Setting = MyObjectBuilder_MotorSuspension/OffroadSmallSuspension5x5mirrored
->-> Setting added successfully
-> Setting = MyObjectBuilder_MotorSuspension/OffroadSmallSuspension1x1mirrored
->-> Setting added successfully
-> Setting = MyObjectBuilder_MotorSuspension/OffroadSmallSuspension2x2Mirrored
->-> Setting added successfully
-> Setting = MyObjectBuilder_InteriorLight/OffsetLight
->-> Setting added successfully
-> Setting = MyObjectBuilder_ReflectorLight/OffsetSpotlight
->-> Setting added successfully
-> Setting = MyObjectBuilder_TextPanel/LargeLCDPanel5x5
->-> Setting added successfully
-> Setting = MyObjectBuilder_TextPanel/LargeLCDPanel5x3
->-> Setting added successfully
-> Setting = MyObjectBuilder_TextPanel/LargeLCDPanel3x3
->-> Setting added successfully
-> Setting = MyObjectBuilder_TerminalBlock/LargeBlockSciFiTerminal
->-> Setting added successfully
-> Setting = MyObjectBuilder_ButtonPanel/LargeSciFiButtonTerminal
->-> Setting added successfully
-> Setting = MyObjectBuilder_Door/SmallSideDoor
->-> Setting added successfully
-> Setting = MyObjectBuilder_ButtonPanel/LargeSciFiButtonPanel
->-> Setting added successfully
-> Setting = MyObjectBuilder_Thrust/SmallBlockSmallThrustSciFi
->-> Setting added successfully
-> Setting = MyObjectBuilder_Thrust/SmallBlockLargeThrustSciFi
->-> Setting added successfully
-> Setting = MyObjectBuilder_Thrust/LargeBlockSmallThrustSciFi
->-> Setting added successfully
-> Setting = MyObjectBuilder_Thrust/LargeBlockLargeThrustSciFi
->-> Setting added successfully
-> Setting = MyObjectBuilder_Thrust/LargeBlockLargeAtmosphericThrustSciFi
->-> Setting added successfully
-> Setting = MyObjectBuilder_Thrust/LargeBlockSmallAtmosphericThrustSciFi
->-> Setting added successfully
-> Setting = MyObjectBuilder_Thrust/SmallBlockLargeAtmosphericThrustSciFi
->-> Setting added successfully
-> Setting = MyObjectBuilder_Thrust/SmallBlockSmallAtmosphericThrustSciFi
->-> Setting added successfully
-> Setting = MyObjectBuilder_Thrust/SmallBlockSmallThrust
->-> Setting added successfully
-> Setting = MyObjectBuilder_Thrust/SmallBlockLargeThrust
->-> Setting added successfully
-> Setting = MyObjectBuilder_Thrust/LargeBlockSmallThrust
->-> Setting added successfully
-> Setting = MyObjectBuilder_Thrust/LargeBlockLargeThrust
->-> Setting added successfully
-> Setting = MyObjectBuilder_Thrust/LargeBlockLargeHydrogenThrust
->-> Setting added successfully
-> Setting = MyObjectBuilder_Thrust/LargeBlockSmallHydrogenThrust
->-> Setting added successfully
-> Setting = MyObjectBuilder_Thrust/SmallBlockLargeHydrogenThrust
->-> Setting added successfully
-> Setting = MyObjectBuilder_Thrust/SmallBlockSmallHydrogenThrust
->-> Setting added successfully
-> Setting = MyObjectBuilder_Thrust/LargeBlockLargeAtmosphericThrust
->-> Setting added successfully
-> Setting = MyObjectBuilder_Thrust/LargeBlockSmallAtmosphericThrust
->-> Setting added successfully
-> Setting = MyObjectBuilder_Thrust/SmallBlockLargeAtmosphericThrust
->-> Setting added successfully
-> Setting = MyObjectBuilder_Thrust/SmallBlockSmallAtmosphericThrust
->-> Setting added successfully
-> Setting = MyObjectBuilder_Drill/SmallBlockDrill
->-> Setting added successfully
-> Setting = MyObjectBuilder_Drill/LargeBlockDrill
->-> Setting added successfully
-> Setting = MyObjectBuilder_ShipGrinder/LargeShipGrinder
->-> Setting added successfully
-> Setting = MyObjectBuilder_ShipGrinder/SmallShipGrinder
->-> Setting added successfully
-> Setting = MyObjectBuilder_ShipWelder/LargeShipWelder
->-> Setting added successfully
-> Setting = MyObjectBuilder_ShipWelder/SmallShipWelder
->-> Setting added successfully
-> Setting = MyObjectBuilder_OreDetector/LargeOreDetector
->-> Setting added successfully
-> Setting = MyObjectBuilder_OreDetector/SmallBlockOreDetector
->-> Setting added successfully
-> Setting = MyObjectBuilder_LandingGear/LargeBlockLandingGear
->-> Setting added successfully
-> Setting = MyObjectBuilder_LandingGear/SmallBlockLandingGear
->-> Setting added successfully
-> Setting = MyObjectBuilder_LandingGear/LargeBlockSmallMagneticPlate
->-> Setting added successfully
-> Setting = MyObjectBuilder_LandingGear/SmallBlockSmallMagneticPlate
->-> Setting added successfully
-> Setting = MyObjectBuilder_JumpDrive/LargeJumpDrive
->-> Setting added successfully
-> Setting = MyObjectBuilder_CameraBlock/SmallCameraBlock
->-> Setting added successfully
-> Setting = MyObjectBuilder_CameraBlock/LargeCameraBlock
->-> Setting added successfully
-> Setting = MyObjectBuilder_MergeBlock/LargeShipMergeBlock
->-> Setting added successfully
-> Setting = MyObjectBuilder_MergeBlock/SmallShipMergeBlock
->-> Setting added successfully
-> Setting = MyObjectBuilder_MergeBlock/SmallShipSmallMergeBlock
->-> Setting added successfully
-> Setting = MyObjectBuilder_Parachute/LgParachute
->-> Setting added successfully
-> Setting = MyObjectBuilder_Parachute/SmParachute
->-> Setting added successfully
-> Setting = MyObjectBuilder_CargoContainer/LargeBlockWeaponRack
->-> Setting added successfully
-> Setting = MyObjectBuilder_CargoContainer/SmallBlockWeaponRack
->-> Setting added successfully
-> Setting = MyObjectBuilder_InteriorLight/PassageSciFiLight
->-> Setting added successfully
-> Setting = MyObjectBuilder_Cockpit/PassengerBench
->-> Setting added successfully
-> Setting = MyObjectBuilder_InteriorLight/LargeLightPanel
->-> Setting added successfully
-> Setting = MyObjectBuilder_InteriorLight/SmallLightPanel
->-> Setting added successfully
-> Setting = MyObjectBuilder_Reactor/LargeBlockSmallGeneratorWarfare2
->-> Setting added successfully
-> Setting = MyObjectBuilder_Reactor/LargeBlockLargeGeneratorWarfare2
->-> Setting added successfully
-> Setting = MyObjectBuilder_Reactor/SmallBlockSmallGeneratorWarfare2
->-> Setting added successfully
-> Setting = MyObjectBuilder_Reactor/SmallBlockLargeGeneratorWarfare2
->-> Setting added successfully
-> Setting = MyObjectBuilder_AirtightHangarDoor/AirtightHangarDoorWarfare2A
->-> Setting added successfully
-> Setting = MyObjectBuilder_AirtightHangarDoor/AirtightHangarDoorWarfare2B
->-> Setting added successfully
-> Setting = MyObjectBuilder_AirtightHangarDoor/AirtightHangarDoorWarfare2C
->-> Setting added successfully
-> Setting = MyObjectBuilder_SmallMissileLauncher/SmallMissileLauncherWarfare2
->-> Setting added successfully
-> Setting = MyObjectBuilder_SmallGatlingGun/SmallGatlingGunWarfare2
->-> Setting added successfully
-> Setting = MyObjectBuilder_BatteryBlock/LargeBlockBatteryBlockWarfare2
->-> Setting added successfully
-> Setting = MyObjectBuilder_BatteryBlock/SmallBlockBatteryBlockWarfare2
->-> Setting added successfully
-> Setting = MyObjectBuilder_Door/SlidingHatchDoor
->-> Setting added successfully
-> Setting = MyObjectBuilder_Door/SlidingHatchDoorHalf
->-> Setting added successfully
-> Setting = MyObjectBuilder_Searchlight/SmallSearchlight
->-> Setting added successfully
-> Setting = MyObjectBuilder_Searchlight/LargeSearchlight
->-> Setting added successfully
-> Setting = MyObjectBuilder_HeatVentBlock/LargeHeatVentBlock
->-> Setting added successfully
-> Setting = MyObjectBuilder_HeatVentBlock/SmallHeatVentBlock
->-> Setting added successfully
-> Setting = MyObjectBuilder_Cockpit/SmallBlockStandingCockpit
->-> Setting added successfully
-> Setting = MyObjectBuilder_Cockpit/LargeBlockStandingCockpit
->-> Setting added successfully
-> Setting = MyObjectBuilder_Thrust/SmallBlockSmallModularThruster
->-> Setting added successfully
-> Setting = MyObjectBuilder_Thrust/SmallBlockLargeModularThruster
->-> Setting added successfully
-> Setting = MyObjectBuilder_Thrust/LargeBlockSmallModularThruster
->-> Setting added successfully
-> Setting = MyObjectBuilder_Thrust/LargeBlockLargeModularThruster
->-> Setting added successfully
-> Setting = MyObjectBuilder_Warhead/LargeWarhead
->-> Setting added successfully
-> Setting = MyObjectBuilder_Warhead/SmallWarhead
->-> Setting added successfully
-> Setting = MyObjectBuilder_Decoy/LargeDecoy
->-> Setting added successfully
-> Setting = MyObjectBuilder_Decoy/SmallDecoy
->-> Setting added successfully
-> Setting = MyObjectBuilder_LargeGatlingTurret/(null)
->-> Setting added successfully
-> Setting = MyObjectBuilder_LargeGatlingTurret/SmallGatlingTurret
->-> Setting added successfully
-> Setting = MyObjectBuilder_LargeMissileTurret/(null)
->-> Setting added successfully
-> Setting = MyObjectBuilder_LargeMissileTurret/SmallMissileTurret
->-> Setting added successfully
-> Setting = MyObjectBuilder_InteriorTurret/LargeInteriorTurret
->-> Setting added successfully
-> Setting = MyObjectBuilder_SmallMissileLauncher/(null)
->-> Setting added successfully
-> Setting = MyObjectBuilder_SmallMissileLauncher/LargeMissileLauncher
->-> Setting added successfully
-> Setting = MyObjectBuilder_SmallMissileLauncherReload/SmallRocketLauncherReload
->-> Setting added successfully
-> Setting = MyObjectBuilder_SmallGatlingGun/(null)
->-> Setting added successfully
-> Setting = MyObjectBuilder_SmallGatlingGun/SmallBlockAutocannon
->-> Setting added successfully
-> Setting = MyObjectBuilder_SmallMissileLauncherReload/SmallBlockMediumCalibreGun
->-> Setting added successfully
-> Setting = MyObjectBuilder_SmallMissileLauncher/LargeBlockLargeCalibreGun
->-> Setting added successfully
-> Setting = MyObjectBuilder_ConveyorSorter/LargeRailgun
->-> Setting added successfully
-> Setting = MyObjectBuilder_ConveyorSorter/SmallRailgun
->-> Setting added successfully
-> Setting = MyObjectBuilder_LargeMissileTurret/LargeCalibreTurret
->-> Setting added successfully
-> Setting = MyObjectBuilder_LargeMissileTurret/LargeBlockMediumCalibreTurret
->-> Setting added successfully
-> Setting = MyObjectBuilder_LargeMissileTurret/SmallBlockMediumCalibreTurret
->-> Setting added successfully
-> Setting = MyObjectBuilder_LargeMissileTurret/AutoCannonTurret
->-> Setting added successfully
-> Setting = MyObjectBuilder_MotorSuspension/Suspension3x3
->-> Setting added successfully
-> Setting = MyObjectBuilder_MotorSuspension/Suspension5x5
->-> Setting added successfully
-> Setting = MyObjectBuilder_MotorSuspension/Suspension1x1
->-> Setting added successfully
-> Setting = MyObjectBuilder_MotorSuspension/Suspension2x2
->-> Setting added successfully
-> Setting = MyObjectBuilder_MotorSuspension/SmallSuspension3x3
->-> Setting added successfully
-> Setting = MyObjectBuilder_MotorSuspension/SmallSuspension5x5
->-> Setting added successfully
-> Setting = MyObjectBuilder_MotorSuspension/SmallSuspension1x1
->-> Setting added successfully
-> Setting = MyObjectBuilder_MotorSuspension/SmallSuspension2x2
->-> Setting added successfully
-> Setting = MyObjectBuilder_MotorSuspension/Suspension3x3mirrored
->-> Setting added successfully
-> Setting = MyObjectBuilder_MotorSuspension/Suspension5x5mirrored
->-> Setting added successfully
-> Setting = MyObjectBuilder_MotorSuspension/Suspension1x1mirrored
->-> Setting added successfully
-> Setting = MyObjectBuilder_MotorSuspension/Suspension2x2Mirrored
->-> Setting added successfully
-> Setting = MyObjectBuilder_MotorSuspension/SmallSuspension3x3mirrored
->-> Setting added successfully
-> Setting = MyObjectBuilder_MotorSuspension/SmallSuspension5x5mirrored
->-> Setting added successfully
-> Setting = MyObjectBuilder_MotorSuspension/SmallSuspension1x1mirrored
->-> Setting added successfully
-> Setting = MyObjectBuilder_MotorSuspension/SmallSuspension2x2Mirrored
->-> Setting added successfully
-> Setting = MyObjectBuilder_BatteryBlock/EntityCover
->-> Setting added successfully
-> Setting = MyObjectBuilder_BatteryBlock/EntityCover2
->-> Setting added successfully
-> Setting = MyObjectBuilder_BatteryBlock/EntityCoverEveFreighter
->-> Setting added successfully
-> Setting = MyObjectBuilder_MotorStator/SubgridBase
->-> Setting added successfully
-> Setting = MyObjectBuilder_MotorAdvancedStator/TRR_5x5x1_TR_Stator
->-> Setting added successfully
-> Setting = MyObjectBuilder_MotorAdvancedStator/TRR_7x7x1_TR_Stator
->-> Setting added successfully
-> Setting = MyObjectBuilder_MotorAdvancedStator/TRR_9x9x1_TR_Stator
->-> Setting added successfully
-> Setting = MyObjectBuilder_MotorAdvancedStator/TRR_11x11x1_TR_Stator
->-> Setting added successfully
-> Setting = MyObjectBuilder_MotorAdvancedStator/TRR_LG_5x5x1_TR_Stator
->-> Setting added successfully
-> Setting = MyObjectBuilder_MotorAdvancedStator/TRR_LG_7x7x1_TR_Stator
->-> Setting added successfully
-> Setting = MyObjectBuilder_MotorAdvancedStator/TRR_LG_9x9x1_TR_Stator
->-> Setting added successfully
-> Setting = MyObjectBuilder_MotorAdvancedStator/TRR_LG_11x11x1_TR_Stator
->-> Setting added successfully
-> Setting = MyObjectBuilder_MotorAdvancedStator/TRR_LG_to_SG_Stator_5x5_H
->-> Setting added successfully
-> Setting = MyObjectBuilder_MotorAdvancedStator/TRR_LG_to_SG_Stator_5x5_L
->-> Setting added successfully
-> Setting = MyObjectBuilder_MotorAdvancedStator/TRR_LG_to_SG_Stator_7x7_H
->-> Setting added successfully
-> Setting = MyObjectBuilder_MotorAdvancedStator/TRR_LG_to_SG_Stator_7x7_L
->-> Setting added successfully
-> Setting = MyObjectBuilder_MotorAdvancedStator/TRR_LG_to_SG_Stator_9x9_H
->-> Setting added successfully
-> Setting = MyObjectBuilder_MotorAdvancedStator/TRR_LG_to_SG_Stator_9x9_L
->-> Setting added successfully
-> Setting = MyObjectBuilder_MotorAdvancedStator/TRR_LG_to_SG_Stator_11x11_H
->-> Setting added successfully
-> Setting = MyObjectBuilder_MotorAdvancedStator/TRR_LG_to_SG_Stator_11x11_L
->-> Setting added successfully
-> Setting = MyObjectBuilder_ConveyorSorter/MA_AC150
->-> Setting added successfully
-> Setting = MyObjectBuilder_ConveyorSorter/MA_AC150_30
->-> Setting added successfully
-> Setting = MyObjectBuilder_ConveyorSorter/MA_AC150_45
->-> Setting added successfully
-> Setting = MyObjectBuilder_ConveyorSorter/MA_AC150_Gantry
->-> Setting added successfully
-> Setting = MyObjectBuilder_ConveyorSorter/MA_AC150_45_Gantry
->-> Setting added successfully
-> Setting = MyObjectBuilder_LargeGatlingTurret/MA_EMP
->-> Unable to retrieve MyCubeBlockDefinition
-> Setting = MyObjectBuilder_ConveyorSorter/MA_Guardian
->-> Setting added successfully
-> Setting = MyObjectBuilder_ConveyorSorter/MA_Gladius
->-> Setting added successfully
-> Setting = MyObjectBuilder_ConveyorSorter/MA_PDX
->-> Setting added successfully
-> Setting = MyObjectBuilder_ConveyorSorter/MA_PDX_sm
->-> Unable to retrieve MyCubeBlockDefinition
-> Setting = MyObjectBuilder_ConveyorSorter/MA_T2PDX
->-> Setting added successfully
-> Setting = MyObjectBuilder_ConveyorSorter/MA_T2PDX_Slope
->-> Setting added successfully
-> Setting = MyObjectBuilder_ConveyorSorter/MA_T2PDX_Slope2
->-> Setting added successfully
-> Setting = MyObjectBuilder_ConveyorSorter/MA_PDT
->-> Unable to retrieve MyCubeBlockDefinition
-> Setting = MyObjectBuilder_ConveyorSorter/MA_PDT_sm
->-> Unable to retrieve MyCubeBlockDefinition
-> Setting = MyObjectBuilder_ConveyorSorter/MA_Gimbal_Laser_Armored
->-> Setting added successfully
-> Setting = MyObjectBuilder_ConveyorSorter/MA_Gimbal_Laser_Armored_Slope
->-> Setting added successfully
-> Setting = MyObjectBuilder_ConveyorSorter/MA_Gimbal_Laser_Armored_Slope2
->-> Setting added successfully
-> Setting = MyObjectBuilder_ConveyorSorter/MA_Gimbal_Laser_Armored_Slope45
->-> Setting added successfully
-> Setting = MyObjectBuilder_ConveyorSorter/MA_Gimbal_Laser
->-> Setting added successfully
-> Setting = MyObjectBuilder_ConveyorSorter/MA_Gimbal_Laser_T2
->-> Setting added successfully
-> Setting = MyObjectBuilder_ConveyorSorter/MA_Gimbal_Laser_T2_Armored
->-> Setting added successfully
-> Setting = MyObjectBuilder_ConveyorSorter/MA_Gimbal_Laser_T2_Armored_Slope
->-> Setting added successfully
-> Setting = MyObjectBuilder_ConveyorSorter/MA_Gimbal_Laser_T2_Armored_Slope2
->-> Setting added successfully
-> Setting = MyObjectBuilder_ConveyorSorter/MA_Gimbal_Laser_T2_Armored_Slope45
->-> Setting added successfully
-> Setting = MyObjectBuilder_ConveyorSorter/MA_Interior_Laser
->-> Setting added successfully
-> Setting = MyObjectBuilder_InteriorLight/MA_Interior_Light
->-> Setting added successfully
-> Setting = MyObjectBuilder_ConveyorSorter/MA_Gimbal_Laser_Armored_sb
->-> Unable to retrieve MyCubeBlockDefinition
-> Setting = MyObjectBuilder_ConveyorSorter/MA_Gimbal_Laser_Armored_Slope_sb
->-> Unable to retrieve MyCubeBlockDefinition
-> Setting = MyObjectBuilder_ConveyorSorter/MA_Gimbal_Laser_Armored_Slope2_sb
->-> Unable to retrieve MyCubeBlockDefinition
-> Setting = MyObjectBuilder_ConveyorSorter/MA_Gimbal_Laser_Armored_Slope45_sb
->-> Unable to retrieve MyCubeBlockDefinition
-> Setting = MyObjectBuilder_ConveyorSorter/MA_Gimbal_Laser_sb
->-> Unable to retrieve MyCubeBlockDefinition
-> Setting = MyObjectBuilder_ConveyorSorter/MA_Fixed_T2
->-> Setting added successfully
-> Setting = MyObjectBuilder_ConveyorSorter/MA_Fixed_T2_Naked
->-> Setting added successfully
-> Setting = MyObjectBuilder_ConveyorSorter/MA_Fixed_T3
->-> Setting added successfully
-> Setting = MyObjectBuilder_ConveyorSorter/MA_Fixed_T2_sb
->-> Unable to retrieve MyCubeBlockDefinition
-> Setting = MyObjectBuilder_ConveyorSorter/MA_Fixed_T2_Naked_sb
->-> Unable to retrieve MyCubeBlockDefinition
-> Setting = MyObjectBuilder_ConveyorSorter/MA_Fixed_T3_sb
->-> Unable to retrieve MyCubeBlockDefinition
-> Setting = MyObjectBuilder_ConveyorSorter/MA_Meatball
->-> Setting added successfully
-> Setting = MyObjectBuilder_ConveyorSorter/MA_Blister
->-> Setting added successfully
-> Setting = MyObjectBuilder_ConveyorSorter/MA_Blister_sm
->-> Setting added successfully
-> Setting = MyObjectBuilder_ConveyorSorter/MA_Blister45
->-> Setting added successfully
-> Setting = MyObjectBuilder_ConveyorSorter/MA_Blister45_sm
->-> Setting added successfully
-> Setting = MyObjectBuilder_ConveyorSorter/MA_Blister30
->-> Setting added successfully
-> Setting = MyObjectBuilder_ConveyorSorter/MA_Blister32
->-> Setting added successfully
-> Setting = MyObjectBuilder_ConveyorSorter/MA_Blister32_sm
->-> Setting added successfully
-> Setting = MyObjectBuilder_ConveyorSorter/MA_Derecho
->-> Setting added successfully
-> Setting = MyObjectBuilder_ConveyorSorter/MA_Derecho_sm
->-> Setting added successfully
-> Setting = MyObjectBuilder_ConveyorSorter/MA_Tiger
->-> Setting added successfully
-> Setting = MyObjectBuilder_ConveyorSorter/MA_Crouching_Tiger
->-> Setting added successfully
-> Setting = MyObjectBuilder_ConveyorSorter/MA_Tiger_sm
->-> Setting added successfully
-> Setting = MyObjectBuilder_ConveyorSorter/MA_Tiger_30_sm
->-> Setting added successfully
-> Setting = MyObjectBuilder_ConveyorSorter/65_Launcher_FixedMount
->-> Unable to retrieve MyCubeBlockDefinition
-> Setting = MyObjectBuilder_ConveyorSorter/Hellfire_Laser_Block
->-> Unable to retrieve MyCubeBlockDefinition
-> Setting = MyObjectBuilder_ConveyorSorter/K_SA_LoW_CapitalSpinalA
->-> Unable to retrieve MyCubeBlockDefinition
-> Setting = MyObjectBuilder_ConveyorSorter/K_SA_HeavyMetal_Gauss_A
->-> Unable to retrieve MyCubeBlockDefinition
-> Setting = MyObjectBuilder_ConveyorSorter/K_SA_HeavyMetal_Gauss_ERII
->-> Unable to retrieve MyCubeBlockDefinition
-> Setting = MyObjectBuilder_ConveyorSorter/K_SA_HeavyMetal_Gauss_PGBC
->-> Unable to retrieve MyCubeBlockDefinition
-> Setting = MyObjectBuilder_ConveyorSorter/K_SA_HeavyMetal_Gauss_ERFM
->-> Unable to retrieve MyCubeBlockDefinition
-> Setting = MyObjectBuilder_ConveyorSorter/K_SA_HeavyMetal_Spinal_Rotary
->-> Unable to retrieve MyCubeBlockDefinition
-> Setting = MyObjectBuilder_ConveyorSorter/K_SA_HeavyMetal_Spinal_Rotary_Reskin
->-> Unable to retrieve MyCubeBlockDefinition
-> Setting = MyObjectBuilder_ConveyorSorter/K_SA_Launcher_FixedMountv2
->-> Unable to retrieve MyCubeBlockDefinition
-> Setting = MyObjectBuilder_ConveyorSorter/SA_HMI_Erebos
->-> Unable to retrieve MyCubeBlockDefinition
-> Setting = MyObjectBuilder_ConveyorSorter/K_SA_Gauss_APC
->-> Unable to retrieve MyCubeBlockDefinition
-> Setting = MyObjectBuilder_ConveyorSorter/K_SA_Gauss_ERC
->-> Unable to retrieve MyCubeBlockDefinition
-> Setting = MyObjectBuilder_ConveyorSorter/ERPPC
->-> Setting added successfully
-> Setting = MyObjectBuilder_ConveyorSorter/Starcore_PPC_Block
->-> Setting added successfully
-> Setting = MyObjectBuilder_ConveyorSorter/Starcore_M_Laser_Block
->-> Setting added successfully
-> Setting = MyObjectBuilder_ConveyorSorter/Starcore_L_Laser_Block
->-> Setting added successfully
-> Setting = MyObjectBuilder_ConveyorSorter/Starcore_Fixed_Coil_Cannon
->-> Setting added successfully
-> Setting = MyObjectBuilder_ConveyorSorter/Starcore_AMS_I_Block
->-> Setting added successfully
-> Setting = MyObjectBuilder_ConveyorSorter/Starcore_AMS_II_Block
->-> Setting added successfully
-> Setting = MyObjectBuilder_ConveyorSorter/Starcore_Arrow_Block
->-> Setting added successfully
-> Setting = MyObjectBuilder_ConveyorSorter/MCRN_Heavy_Torpedo
->-> Setting added successfully
-> Setting = MyObjectBuilder_ConveyorSorter/UNN_Heavy_Torpedo
->-> Setting added successfully
-> Setting = MyObjectBuilder_ConveyorSorter/OPA_Heavy_Torpedo
->-> Setting added successfully
-> Setting = MyObjectBuilder_ConveyorSorter/UNN_Light_Torpedo
->-> Setting added successfully
-> Setting = MyObjectBuilder_ConveyorSorter/OPA_Light_Missile
->-> Setting added successfully
-> Setting = MyObjectBuilder_ConveyorSorter/ModularLRM5
->-> Setting added successfully
-> Setting = MyObjectBuilder_ConveyorSorter/ModularMiddleLRM5
->-> Setting added successfully
-> Setting = MyObjectBuilder_ConveyorSorter/ModularLRM5Angled
->-> Setting added successfully
-> Setting = MyObjectBuilder_ConveyorSorter/ModularLRM5AngledReversed
->-> Setting added successfully
-> Setting = MyObjectBuilder_ConveyorSorter/ModularMRM10
->-> Setting added successfully
-> Setting = MyObjectBuilder_ConveyorSorter/ModularMiddleMRM10
->-> Setting added successfully
-> Setting = MyObjectBuilder_ConveyorSorter/ModularMRM10Angled
->-> Setting added successfully
-> Setting = MyObjectBuilder_ConveyorSorter/ModularMRM10AngledReversed
->-> Setting added successfully
-> Setting = MyObjectBuilder_ConveyorSorter/ModularSRM8
->-> Setting added successfully
-> Setting = MyObjectBuilder_ConveyorSorter/Starcore_RWR_Projectiles
->-> Setting added successfully
-> Setting = MyObjectBuilder_ConveyorSorter/Starcore_RWR_Asteroids
->-> Setting added successfully
-> Setting = MyObjectBuilder_ConveyorSorter/SC_RCS_Computer
->-> Setting added successfully
-> Setting = MyObjectBuilder_ConveyorSorter/SC_RCS_Computer_small
->-> Setting added successfully
-> Setting = MyObjectBuilder_Thrust/AWGFocusDrive
->-> Setting added successfully
-> Setting = MyObjectBuilder_Thrust/IonHeavyCovered
->-> Setting added successfully
-> Setting = MyObjectBuilder_SoundBlock/ChetsMagicMusicBox
->-> Setting added successfully
-> Setting = MyObjectBuilder_RadioAntenna/SC1x1Antenna
->-> Setting added successfully
-> Setting = MyObjectBuilder_MyProgrammableBlock/6SidePBSmall
->-> Setting added successfully
-> Setting = MyObjectBuilder_MyProgrammableBlock/6SidePB
->-> Setting added successfully
-> Setting = MyObjectBuilder_Gyro/MAR_Gyro_Half
->-> Setting added successfully
-> Setting = MyObjectBuilder_MotorAdvancedStator/MAR_1x1x1_AR_DualHead_Stator
->-> Setting added successfully
-> Setting = MyObjectBuilder_MotorAdvancedStator/MAR_1x1x1_AR_Stator
->-> Setting added successfully
-> Setting = MyObjectBuilder_MotorAdvancedStator/MAR_2x1x1_AR_Stator_ADJ
->-> Setting added successfully
-> Setting = MyObjectBuilder_MotorAdvancedStator/MAR_2x1x1_AR_Dualhead_Stator_ADJ
->-> Setting added successfully
-> Setting = MyObjectBuilder_MotorAdvancedStator/MAR_1x1x1_AR_Half_Stator
->-> Setting added successfully
-> Setting = MyObjectBuilder_Gyro/MAR_LG_Gyro_Half
->-> Setting added successfully
-> Setting = MyObjectBuilder_MotorAdvancedStator/MAR_LG_1x1x1_AR_DualHead_Stator
->-> Setting added successfully
-> Setting = MyObjectBuilder_MotorAdvancedStator/MAR_LG_1x1x1_AR_Stator
->-> Setting added successfully
-> Setting = MyObjectBuilder_MotorAdvancedStator/MAR_LG_1x1x1_AR_Half_Stator
->-> Setting added successfully
-> Setting = MyObjectBuilder_MotorAdvancedStator/MAR_LG_2x1x1_AR_Stator_ADJ
->-> Setting added successfully
-> Setting = MyObjectBuilder_MotorAdvancedStator/MAR_LG_2x1x1_AR_Dualhead_Stator_ADJ
->-> Setting added successfully
-> Setting = MyObjectBuilder_ConveyorSorter/MA_Afterburner_Large_small
->-> Setting added successfully
-> Setting = MyObjectBuilder_ConveyorSorter/MA_Afterburner_Large
->-> Setting added successfully
-> Setting = MyObjectBuilder_ConveyorSorter/MA_Afterburner_Large_5x
->-> Setting added successfully
-> Setting = MyObjectBuilder_ConveyorSorter/Afterburner_LG_Ion_Large
->-> Setting added successfully
-> Setting = MyObjectBuilder_ConveyorSorter/SC_SRB
->-> Setting added successfully
-> Setting = MyObjectBuilder_ConveyorSorter/DETPAK
->-> Setting added successfully
-> Setting = MyObjectBuilder_ConveyorSorter/DETPAK_1x1
->-> Setting added successfully
-> Setting = MyObjectBuilder_ConveyorSorter/DETPAK_3x1
->-> Setting added successfully
-> Setting = MyObjectBuilder_ConveyorSorter/MA_SideBooster_Small
->-> Setting added successfully
-> Setting = MyObjectBuilder_CameraBlock/MA_Buster_Camera
->-> Setting added successfully
-> Setting = MyObjectBuilder_InteriorLight/MA_Buster_Passage_Crossing
->-> Setting added successfully
-> Setting = MyObjectBuilder_LargeGatlingTurret/LargeGatlingTurret_SC
->-> Unable to retrieve MyCubeBlockDefinition
-> Setting = MyObjectBuilder_LargeMissileTurret/LargeBlockMediumCalibreTurret_SC
->-> Unable to retrieve MyCubeBlockDefinition
-> Setting = MyObjectBuilder_LargeMissileTurret/LargeCalibreTurret_SC
->-> Unable to retrieve MyCubeBlockDefinition
-> Setting = MyObjectBuilder_LargeMissileTurret/LargeMissileTurret_SC
->-> Unable to retrieve MyCubeBlockDefinition
-> Setting = MyObjectBuilder_SmallMissileLauncher/LargeMissileLauncher_SC
->-> Unable to retrieve MyCubeBlockDefinition
-> Setting = MyObjectBuilder_ConveyorSorter/LargeBlockLargeCalibreGun_SC
->-> Unable to retrieve MyCubeBlockDefinition
-> Setting = MyObjectBuilder_ConveyorSorter/LargeRailgun_SC
->-> Unable to retrieve MyCubeBlockDefinition
-> Setting = MyObjectBuilder_ConveyorSorter/HAS_Assault
->-> Setting added successfully
-> Setting = MyObjectBuilder_ConveyorSorter/HAS_Thanatos
->-> Setting added successfully
-> Setting = MyObjectBuilder_ConveyorSorter/HAS_Alecto
->-> Setting added successfully
-> Setting = MyObjectBuilder_ConveyorSorter/HAS_Mammon
->-> Setting added successfully
-> Setting = MyObjectBuilder_ConveyorSorter/HAS_Esper
->-> Setting added successfully
-> Setting = MyObjectBuilder_ConveyorSorter/HAS_Vulcan
->-> Setting added successfully
-> Setting = MyObjectBuilder_ConveyorSorter/HAS_Cyclops
->-> Setting added successfully
-> Setting = MyObjectBuilder_ConveyorSorter/HAS_Crossfield
->-> Setting added successfully
-> Setting = MyObjectBuilder_ConveyorSorter/HAS_MammonMK2
->-> Setting added successfully
-> Setting = MyObjectBuilder_Beacon/HarmBeacon
->-> Unable to retrieve MyCubeBlockDefinition
-> Setting = MyObjectBuilder_UpgradeModule/BlinkDriveLarge
->-> Unable to retrieve MyCubeBlockDefinition
-> Setting = MyObjectBuilder_UpgradeModule/BlinkDriveSmall
->-> Unable to retrieve MyCubeBlockDefinition
-> Setting = MyObjectBuilder_UpgradeModule/AQD_LG_GyroBooster
->-> Setting added successfully
-> Setting = MyObjectBuilder_UpgradeModule/AQD_SG_GyroBooster
->-> Setting added successfully
-> Setting = MyObjectBuilder_UpgradeModule/AQD_LG_GyroUpgrade
->-> Setting added successfully
-> Setting = MyObjectBuilder_Gyro/AQD_LG_LargeGyro
->-> Setting added successfully
-> Setting = MyObjectBuilder_InteriorLight/AQD_LG_SleekCorridor_StraightLight
->-> Setting added successfully
-> Setting = MyObjectBuilder_CargoContainer/AQD_LG_ConveyorAccess
->-> Setting added successfully
-> Setting = MyObjectBuilder_AirVent/AQD_LG_ConveyorVent
->-> Setting added successfully
-> Setting = MyObjectBuilder_Thrust/AQD_LG_AtmoThrusterL_Armored
->-> Setting added successfully
-> Setting = MyObjectBuilder_Thrust/AQD_LG_AtmoThrusterL_ArmoredSlope
->-> Setting added successfully
-> Setting = MyObjectBuilder_Thrust/AQD_LG_AtmoThrusterL_ArmoredSlopeRev
->-> Setting added successfully
-> Setting = MyObjectBuilder_Thrust/AQD_SG_AtmoThrusterL_Armored
->-> Setting added successfully
-> Setting = MyObjectBuilder_Thrust/AQD_SG_AtmoThrusterL_ArmoredSlope
->-> Setting added successfully
-> Setting = MyObjectBuilder_Thrust/AQD_SG_AtmoThrusterL_ArmoredSlopeRev
->-> Setting added successfully
-> Setting = MyObjectBuilder_Thrust/AQD_LG_AtmoThrusterS_Armored
->-> Setting added successfully
-> Setting = MyObjectBuilder_Thrust/AQD_LG_AtmoThrusterS_ArmoredSlope
->-> Setting added successfully
-> Setting = MyObjectBuilder_Thrust/AQD_LG_AtmoThrusterS_ArmoredSlopeRev
->-> Setting added successfully
-> Setting = MyObjectBuilder_Thrust/AQD_SG_AtmoThrusterS_Armored
->-> Setting added successfully
-> Setting = MyObjectBuilder_Thrust/AQD_SG_AtmoThrusterS_ArmoredSlope
->-> Setting added successfully
-> Setting = MyObjectBuilder_Thrust/AQD_SG_AtmoThrusterS_ArmoredSlopeRev
->-> Setting added successfully
-> Setting = MyObjectBuilder_Thrust/AQD_LG_HydroThrusterL_Armored
->-> Setting added successfully
-> Setting = MyObjectBuilder_Thrust/AQD_LG_HydroThrusterL_ArmoredSlope
->-> Setting added successfully
-> Setting = MyObjectBuilder_Thrust/AQD_SG_HydroThrusterL_Armored
->-> Setting added successfully
-> Setting = MyObjectBuilder_Thrust/AQD_SG_HydroThrusterL_ArmoredSlope
->-> Setting added successfully
-> Setting = MyObjectBuilder_Thrust/AQD_LG_HydroThrusterS_Armored
->-> Setting added successfully
-> Setting = MyObjectBuilder_Thrust/AQD_LG_HydroThrusterS_ArmoredSlope
->-> Setting added successfully
-> Setting = MyObjectBuilder_Thrust/AQD_SG_HydroThrusterS_Armored
->-> Setting added successfully
-> Setting = MyObjectBuilder_Thrust/AQD_SG_HydroThrusterS_ArmoredSlope
->-> Setting added successfully
-> Setting = MyObjectBuilder_Thrust/AQD_LG_IonThrusterL_Armored
->-> Setting added successfully
-> Setting = MyObjectBuilder_Thrust/AQD_LG_IonThrusterL_ArmoredSlope
->-> Setting added successfully
-> Setting = MyObjectBuilder_Thrust/AQD_SG_IonThrusterL_Armored
->-> Setting added successfully
-> Setting = MyObjectBuilder_Thrust/AQD_SG_IonThrusterL_ArmoredSlope
->-> Setting added successfully
-> Setting = MyObjectBuilder_Thrust/AQD_LG_IonThrusterS_Armored
->-> Setting added successfully
-> Setting = MyObjectBuilder_Thrust/AQD_LG_IonThrusterS_ArmoredSlope
->-> Setting added successfully
-> Setting = MyObjectBuilder_Thrust/AQD_SG_IonThrusterS_Armored
->-> Setting added successfully
-> Setting = MyObjectBuilder_Thrust/AQD_SG_IonThrusterS_ArmoredSlope
->-> Setting added successfully
-> Setting = MyObjectBuilder_TextPanel/NPC_Dummies_Desk
->-> Unable to retrieve MyCubeBlockDefinition
-> Setting = MyObjectBuilder_TextPanel/NPC_Dummies_DeskCorner
->-> Unable to retrieve MyCubeBlockDefinition
-> Setting = MyObjectBuilder_TextPanel/NPC_Dummies_Couch
->-> Unable to retrieve MyCubeBlockDefinition
-> Setting = MyObjectBuilder_TextPanel/NPC_Dummies_CouchCorner
->-> Unable to retrieve MyCubeBlockDefinition
-> Setting = MyObjectBuilder_TextPanel/NPC_Dummies_PassengerSeat
->-> Unable to retrieve MyCubeBlockDefinition
-> Setting = MyObjectBuilder_TextPanel/NPC_Dummies_Standing_Wall
->-> Unable to retrieve MyCubeBlockDefinition
-> Setting = MyObjectBuilder_TextPanel/NPC_Dummies_Standing_Akimbo
->-> Unable to retrieve MyCubeBlockDefinition
-> Setting = MyObjectBuilder_TextPanel/NPC_Dummies_Standing_ArmPad
->-> Unable to retrieve MyCubeBlockDefinition
-> Setting = MyObjectBuilder_TextPanel/NPC_Dummies_ControlSeat
->-> Unable to retrieve MyCubeBlockDefinition
-> Setting = MyObjectBuilder_TextPanel/NPC_Dummies_Standing_Normal
->-> Unable to retrieve MyCubeBlockDefinition
-> Setting = MyObjectBuilder_TextPanel/NPC_Dummies_Standing_Salute
->-> Unable to retrieve MyCubeBlockDefinition
-> Setting = MyObjectBuilder_TextPanel/NPC_Dummies_Standing_Console
->-> Unable to retrieve MyCubeBlockDefinition
-> Setting = MyObjectBuilder_TextPanel/NPC_Dummies_Standing_Console_Offset
->-> Unable to retrieve MyCubeBlockDefinition
-> Setting = MyObjectBuilder_TextPanel/NPC_Dummies_Standing_ArmPad_Offset
->-> Unable to retrieve MyCubeBlockDefinition
-> Setting = MyObjectBuilder_TextPanel/NPC_Dummies_Bed_Lying
->-> Unable to retrieve MyCubeBlockDefinition
-> Setting = MyObjectBuilder_TextPanel/NPC_Dummies_Bed_Sitting
->-> Unable to retrieve MyCubeBlockDefinition
-> Setting = MyObjectBuilder_TextPanel/NPC_Dummies_Standing_Rifle
->-> Unable to retrieve MyCubeBlockDefinition
-> Setting = MyObjectBuilder_StoreBlock/NPC_Dummies_Store_Standing
->-> Unable to retrieve MyCubeBlockDefinition
-> Setting = MyObjectBuilder_StoreBlock/NPC_Dummies_Store_Desk
->-> Unable to retrieve MyCubeBlockDefinition
-> Setting = MyObjectBuilder_ContractBlock/NPC_Dummies_Contracts_Crates
->-> Unable to retrieve MyCubeBlockDefinition
-> Setting = MyObjectBuilder_ContractBlock/NPC_Dummies_Contracts_Standing
->-> Unable to retrieve MyCubeBlockDefinition
-> Setting = MyObjectBuilder_ContractBlock/NPC_Dummies_Contracts_Desk
->-> Unable to retrieve MyCubeBlockDefinition
-> Setting = MyObjectBuilder_TextPanel/NPC_Dummies_Standing_LeaningDesk
->-> Unable to retrieve MyCubeBlockDefinition
-> Setting = MyObjectBuilder_TextPanel/NPC_Dummies_Standing_LeaningDesk_Offset
->-> Unable to retrieve MyCubeBlockDefinition
-> Setting = MyObjectBuilder_TextPanel/NPC_Dummies_Standing_LeaningRailing
->-> Unable to retrieve MyCubeBlockDefinition
-> Setting = MyObjectBuilder_TextPanel/NPC_Dummies_F_Standing_Normal
->-> Unable to retrieve MyCubeBlockDefinition
-> Setting = MyObjectBuilder_TextPanel/NPC_Dummies_F_Standing_Cup
->-> Unable to retrieve MyCubeBlockDefinition
-> Setting = MyObjectBuilder_TextPanel/NPC_Dummies_F_Desk
->-> Unable to retrieve MyCubeBlockDefinition
-> Setting = MyObjectBuilder_TextPanel/NPC_Dummies_F_DeskCorner
->-> Unable to retrieve MyCubeBlockDefinition
-> Setting = MyObjectBuilder_TextPanel/NPC_Dummies_F_PassengerSeat
->-> Unable to retrieve MyCubeBlockDefinition
-> Setting = MyObjectBuilder_TextPanel/NPC_Dummies_F_Couch
->-> Unable to retrieve MyCubeBlockDefinition
-> Setting = MyObjectBuilder_TextPanel/NPC_Dummies_F_CouchCorner
->-> Unable to retrieve MyCubeBlockDefinition
-> Setting = MyObjectBuilder_TextPanel/NPC_Dummies_Standing_Normal_Small
->-> Unable to retrieve MyCubeBlockDefinition
-> Setting = MyObjectBuilder_TextPanel/NPC_Dummies_Standing_Wall_Small
->-> Unable to retrieve MyCubeBlockDefinition
-> Setting = MyObjectBuilder_TextPanel/NPC_Dummies_Standing_Akimbo_Small
->-> Unable to retrieve MyCubeBlockDefinition
-> Setting = MyObjectBuilder_TextPanel/NPC_Dummies_Standing_ArmPad_Small
->-> Unable to retrieve MyCubeBlockDefinition
-> Setting = MyObjectBuilder_TextPanel/NPC_Dummies_Standing_Salute_Small
->-> Unable to retrieve MyCubeBlockDefinition
-> Setting = MyObjectBuilder_TextPanel/NPC_Dummies_Standing_Console_Small_R
->-> Unable to retrieve MyCubeBlockDefinition
-> Setting = MyObjectBuilder_TextPanel/NPC_Dummies_Standing_Console_Small_L
->-> Unable to retrieve MyCubeBlockDefinition
-> Setting = MyObjectBuilder_TextPanel/NPC_Dummies_Standing_Rifle_Small
->-> Unable to retrieve MyCubeBlockDefinition
-> Setting = MyObjectBuilder_TextPanel/NPC_Dummies_F_Standing_Normal_Small
->-> Unable to retrieve MyCubeBlockDefinition
-> Setting = MyObjectBuilder_TextPanel/NPC_Dummies_F_Standing_Cup_Small
->-> Unable to retrieve MyCubeBlockDefinition
-> Setting = MyObjectBuilder_StoreBlock/NPC_Dummies_Store_Standing_Small
->-> Unable to retrieve MyCubeBlockDefinition
-> Setting = MyObjectBuilder_TextPanel/NPC_Dummies_PassengerSeat_Small
->-> Unable to retrieve MyCubeBlockDefinition
-> Setting = MyObjectBuilder_TextPanel/NPC_Dummies_PassengerSeat_Small_Offset
->-> Unable to retrieve MyCubeBlockDefinition
-> Setting = MyObjectBuilder_TextPanel/NPC_Dummies_F_PassengerSeat_Small
->-> Unable to retrieve MyCubeBlockDefinition
-> Setting = MyObjectBuilder_TextPanel/NPC_Dummies_F_PassengerSeat_Small_Offset
->-> Unable to retrieve MyCubeBlockDefinition
-> Setting = MyObjectBuilder_TextPanel/NPC_Dummies_ControlSeat_Small
->-> Unable to retrieve MyCubeBlockDefinition
-> Setting = MyObjectBuilder_TextPanel/NPC_Dummies_Cryo_Small
->-> Unable to retrieve MyCubeBlockDefinition
-> Setting = MyObjectBuilder_ConveyorSorter/NID_Pyroacid
->-> Unable to retrieve MyCubeBlockDefinition
-> Setting = MyObjectBuilder_ConveyorSorter/NID_HeavyPyroacid
->-> Unable to retrieve MyCubeBlockDefinition
-> Setting = MyObjectBuilder_ConveyorSorter/NID_Bioplasma
->-> Unable to retrieve MyCubeBlockDefinition
-> Setting = MyObjectBuilder_ConveyorSorter/NID_Feeder
->-> Unable to retrieve MyCubeBlockDefinition
-> Setting = MyObjectBuilder_ConveyorSorter/NID_Leap
->-> Unable to retrieve MyCubeBlockDefinition
-> Setting = MyObjectBuilder_ConveyorSorter/NID_HiveDrone
->-> Unable to retrieve MyCubeBlockDefinition
-> Setting = MyObjectBuilder_ConveyorSorter/NID_BioplasmaHivedrone
->-> Unable to retrieve MyCubeBlockDefinition
-> Setting = MyObjectBuilder_ConveyorSorter/LightParticleWhip
->-> Unable to retrieve MyCubeBlockDefinition
-> Setting = MyObjectBuilder_ConveyorSorter/ParticleWhip
->-> Unable to retrieve MyCubeBlockDefinition
-> Setting = MyObjectBuilder_ConveyorSorter/NovaCannon
->-> Unable to retrieve MyCubeBlockDefinition
-> Setting = MyObjectBuilder_BatteryBlock/EntityCover3
->-> Setting added successfully
-> Setting = MyObjectBuilder_ConveyorSorter/Heavy_Repeater
->-> Setting added successfully
-> Setting = MyObjectBuilder_ConveyorSorter/Laser_Block
->-> Unable to retrieve MyCubeBlockDefinition
-> Setting = MyObjectBuilder_ConveyorSorter/Type18_Artillery
->-> Setting added successfully
-> Setting = MyObjectBuilder_ConveyorSorter/Type21_Artillery
->-> Setting added successfully
-> Setting = MyObjectBuilder_ConveyorSorter/Torp_Block
->-> Setting added successfully
-> Setting = MyObjectBuilder_LargeMissileTurret/K_HS_9x9_K3_King
->-> Unable to retrieve MyCubeBlockDefinition
-> Setting = MyObjectBuilder_LargeMissileTurret/K_HS_9x9_HSRB_Dreadnight
->-> Unable to retrieve MyCubeBlockDefinition
-> Setting = MyObjectBuilder_ConveyorSorter/Light_Coil_Turret
->-> Setting added successfully
-> Setting = MyObjectBuilder_ConveyorSorter/Assault_Coil_Turret
->-> Unable to retrieve MyCubeBlockDefinition
-> Setting = MyObjectBuilder_ConveyorSorter/K_HS_Damnation
->-> Unable to retrieve MyCubeBlockDefinition
-> Setting = MyObjectBuilder_LargeMissileTurret/KreegMagnetarCannon
->-> Unable to retrieve MyCubeBlockDefinition
-> Setting = MyObjectBuilder_ConveyorSorter/RailgunTurret_Block
->-> Unable to retrieve MyCubeBlockDefinition
-> Setting = MyObjectBuilder_ConveyorSorter/Fixed_Rockets
->-> Setting added successfully
-> Setting = MyObjectBuilder_ConveyorSorter/Null_Point_Jump_Disruptor_Large
->-> Unable to retrieve MyCubeBlockDefinition
-> Setting = MyObjectBuilder_ConveyorSorter/K_HSR_Utilities_Reactor_Gel_LG
->-> Unable to retrieve MyCubeBlockDefinition
-> Setting = MyObjectBuilder_ConveyorSorter/PriestReskin_Block
->-> Setting added successfully
-> Setting = MyObjectBuilder_Collector/ShipyardCorner_Large
->-> Setting added successfully
-> Setting = MyObjectBuilder_Collector/ShipyardCorner_Small
->-> Setting added successfully
-> Setting = MyObjectBuilder_UpgradeModule/SmallLargeBlockUpgrade
->-> Setting added successfully
-> Setting = MyObjectBuilder_UpgradeModule/LargeLargeBlockUpgrade
->-> Setting added successfully

BeforeStart() - Checking Entity Components

Finished with settings


